<?xml version="1.0" encoding="UTF-8"?>
<testng-results ignored="0" total="4" passed="4" failed="0" skipped="0">
  <reporter-output>
  </reporter-output>
  <suite started-at="2024-09-15T23:39:57 IST" name="Default suite" finished-at="2024-09-15T23:43:21 IST" duration-ms="204538">
    <groups>
      <group name="cucumber">
        <method signature="AbstractTestNGCucumberTests.runScenario(io.cucumber.testng.PickleWrapper,io.cucumber.testng.FeatureWrapper)[pri:0, instance:runner.TestRunner@7a5ceedd]" name="runScenario" class="io.cucumber.testng.AbstractTestNGCucumberTests"/>
      </group> <!-- cucumber -->
    </groups>
    <test started-at="2024-09-15T23:39:57 IST" name="Default test" finished-at="2024-09-15T23:43:21 IST" duration-ms="204538">
      <class name="runner.TestRunner">
        <test-method is-config="true" signature="setUpClass(org.testng.ITestContext)[pri:0, instance:runner.TestRunner@7a5ceedd]" started-at="2024-09-15T23:39:57 IST" name="setUpClass" finished-at="2024-09-15T23:39:57 IST" duration-ms="573" status="PASS">
          <params>
            <param index="0">
              <value>
                <![CDATA[org.testng.TestRunner@6a6c7f42]]>
              </value>
            </param>
          </params>
          <reporter-output>
          </reporter-output>
        </test-method> <!-- setUpClass -->
        <test-method signature="runScenario(io.cucumber.testng.PickleWrapper,io.cucumber.testng.FeatureWrapper)[pri:0, instance:runner.TestRunner@7a5ceedd]" started-at="2024-09-15T23:39:57 IST" name="runScenario" description="Runs Cucumber Scenarios" data-provider="scenarios" finished-at="2024-09-15T23:40:17 IST" duration-ms="19781" status="PASS">
          <params>
            <param index="0">
              <value>
                <![CDATA["Launch the app in device"]]>
              </value>
            </param>
            <param index="1">
              <value>
                <![CDATA["Launching & Login DeepHolistics App"]]>
              </value>
            </param>
          </params>
          <reporter-output>
          </reporter-output>
        </test-method> <!-- runScenario -->
        <test-method signature="runScenario(io.cucumber.testng.PickleWrapper,io.cucumber.testng.FeatureWrapper)[pri:0, instance:runner.TestRunner@7a5ceedd]" started-at="2024-09-15T23:40:17 IST" name="runScenario" description="Runs Cucumber Scenarios" data-provider="scenarios" finished-at="2024-09-15T23:41:29 IST" duration-ms="72067" status="PASS">
          <params>
            <param index="0">
              <value>
                <![CDATA["Login into the app as existing User"]]>
              </value>
            </param>
            <param index="1">
              <value>
                <![CDATA["Launching & Login DeepHolistics App"]]>
              </value>
            </param>
          </params>
          <reporter-output>
          </reporter-output>
        </test-method> <!-- runScenario -->
        <test-method signature="runScenario(io.cucumber.testng.PickleWrapper,io.cucumber.testng.FeatureWrapper)[pri:0, instance:runner.TestRunner@7a5ceedd]" started-at="2024-09-15T23:41:29 IST" name="runScenario" description="Runs Cucumber Scenarios" data-provider="scenarios" finished-at="2024-09-15T23:41:40 IST" duration-ms="11203" status="PASS">
          <params>
            <param index="0">
              <value>
                <![CDATA["Logout from the app"]]>
              </value>
            </param>
            <param index="1">
              <value>
                <![CDATA["Launching & Login DeepHolistics App"]]>
              </value>
            </param>
          </params>
          <reporter-output>
          </reporter-output>
        </test-method> <!-- runScenario -->
        <test-method signature="runScenario(io.cucumber.testng.PickleWrapper,io.cucumber.testng.FeatureWrapper)[pri:0, instance:runner.TestRunner@7a5ceedd]" started-at="2024-09-15T23:41:40 IST" name="runScenario" description="Runs Cucumber Scenarios" data-provider="scenarios" finished-at="2024-09-15T23:43:21 IST" duration-ms="100849" status="PASS">
          <params>
            <param index="0">
              <value>
                <![CDATA["Launch the app in device2"]]>
              </value>
            </param>
            <param index="1">
              <value>
                <![CDATA["Launching & Login DeepHolistics App"]]>
              </value>
            </param>
          </params>
          <reporter-output>
          </reporter-output>
        </test-method> <!-- runScenario -->
        <test-method is-config="true" signature="tearDownClass()[pri:0, instance:runner.TestRunner@7a5ceedd]" started-at="2024-09-15T23:43:21 IST" name="tearDownClass" finished-at="2024-09-15T23:43:21 IST" duration-ms="20" status="PASS">
          <reporter-output>
          </reporter-output>
        </test-method> <!-- tearDownClass -->
      </class> <!-- runner.TestRunner -->
    </test> <!-- Default test -->
  </suite> <!-- Default suite -->
</testng-results>
