<?xml version="1.0" encoding="UTF-8"?>
<testng-results ignored="0" total="4" passed="4" failed="0" skipped="0">
  <reporter-output>
  </reporter-output>
  <suite started-at="2024-09-17T18:34:15 IST" name="Default suite" finished-at="2024-09-17T18:36:37 IST" duration-ms="141893">
    <groups>
      <group name="cucumber">
        <method signature="AbstractTestNGCucumberTests.runScenario(io.cucumber.testng.PickleWrapper,io.cucumber.testng.FeatureWrapper)[pri:0, instance:runner.TestRunner@7a5ceedd]" name="runScenario" class="io.cucumber.testng.AbstractTestNGCucumberTests"/>
      </group> <!-- cucumber -->
    </groups>
    <test started-at="2024-09-17T18:34:15 IST" name="Default test" finished-at="2024-09-17T18:36:37 IST" duration-ms="141893">
      <class name="runner.TestRunner">
        <test-method is-config="true" signature="setUpClass(org.testng.ITestContext)[pri:0, instance:runner.TestRunner@7a5ceedd]" started-at="2024-09-17T18:34:15 IST" name="setUpClass" finished-at="2024-09-17T18:34:16 IST" duration-ms="566" status="PASS">
          <params>
            <param index="0">
              <value>
                <![CDATA[org.testng.TestRunner@6f8e9d06]]>
              </value>
            </param>
          </params>
          <reporter-output>
          </reporter-output>
        </test-method> <!-- setUpClass -->
        <test-method signature="runScenario(io.cucumber.testng.PickleWrapper,io.cucumber.testng.FeatureWrapper)[pri:0, instance:runner.TestRunner@7a5ceedd]" started-at="2024-09-17T18:34:16 IST" name="runScenario" description="Runs Cucumber Scenarios" data-provider="scenarios" finished-at="2024-09-17T18:34:40 IST" duration-ms="24172" status="PASS">
          <params>
            <param index="0">
              <value>
                <![CDATA["Launch the app in device"]]>
              </value>
            </param>
            <param index="1">
              <value>
                <![CDATA["Launching & Login DeepHolistics App"]]>
              </value>
            </param>
          </params>
          <reporter-output>
          </reporter-output>
        </test-method> <!-- runScenario -->
        <test-method signature="runScenario(io.cucumber.testng.PickleWrapper,io.cucumber.testng.FeatureWrapper)[pri:0, instance:runner.TestRunner@7a5ceedd]" started-at="2024-09-17T18:34:40 IST" name="runScenario" description="Runs Cucumber Scenarios" data-provider="scenarios" finished-at="2024-09-17T18:35:28 IST" duration-ms="48420" status="PASS">
          <params>
            <param index="0">
              <value>
                <![CDATA["Login into the app as existing User"]]>
              </value>
            </param>
            <param index="1">
              <value>
                <![CDATA["Launching & Login DeepHolistics App"]]>
              </value>
            </param>
          </params>
          <reporter-output>
          </reporter-output>
        </test-method> <!-- runScenario -->
        <test-method signature="runScenario(io.cucumber.testng.PickleWrapper,io.cucumber.testng.FeatureWrapper)[pri:0, instance:runner.TestRunner@7a5ceedd]" started-at="2024-09-17T18:35:28 IST" name="runScenario" description="Runs Cucumber Scenarios" data-provider="scenarios" finished-at="2024-09-17T18:35:40 IST" duration-ms="11477" status="PASS">
          <params>
            <param index="0">
              <value>
                <![CDATA["Logout from the app"]]>
              </value>
            </param>
            <param index="1">
              <value>
                <![CDATA["Launching & Login DeepHolistics App"]]>
              </value>
            </param>
          </params>
          <reporter-output>
          </reporter-output>
        </test-method> <!-- runScenario -->
        <test-method signature="runScenario(io.cucumber.testng.PickleWrapper,io.cucumber.testng.FeatureWrapper)[pri:0, instance:runner.TestRunner@7a5ceedd]" started-at="2024-09-17T18:35:40 IST" name="runScenario" description="Runs Cucumber Scenarios" data-provider="scenarios" finished-at="2024-09-17T18:36:37 IST" duration-ms="57180" status="PASS">
          <params>
            <param index="0">
              <value>
                <![CDATA["Launch the app in device2"]]>
              </value>
            </param>
            <param index="1">
              <value>
                <![CDATA["Launching & Login DeepHolistics App"]]>
              </value>
            </param>
          </params>
          <reporter-output>
          </reporter-output>
        </test-method> <!-- runScenario -->
        <test-method is-config="true" signature="tearDownClass()[pri:0, instance:runner.TestRunner@7a5ceedd]" started-at="2024-09-17T18:36:37 IST" name="tearDownClass" finished-at="2024-09-17T18:36:37 IST" duration-ms="20" status="PASS">
          <reporter-output>
          </reporter-output>
        </test-method> <!-- tearDownClass -->
      </class> <!-- runner.TestRunner -->
    </test> <!-- Default test -->
  </suite> <!-- Default suite -->
</testng-results>
