<?xml version="1.0" encoding="UTF-8"?>
<testng-results ignored="0" total="2" passed="2" failed="0" skipped="0">
  <reporter-output>
  </reporter-output>
  <suite started-at="2024-08-27T17:22:24 IST" name="Default suite" finished-at="2024-08-27T17:23:20 IST" duration-ms="56127">
    <groups>
      <group name="cucumber">
        <method signature="AbstractTestNGCucumberTests.runScenario(io.cucumber.testng.PickleWrapper,io.cucumber.testng.FeatureWrapper)[pri:0, instance:testRunner.Cst_Runner@4007f65e]" name="runScenario" class="io.cucumber.testng.AbstractTestNGCucumberTests"/>
      </group> <!-- cucumber -->
    </groups>
    <test started-at="2024-08-27T17:22:24 IST" name="Default test" finished-at="2024-08-27T17:23:20 IST" duration-ms="56127">
      <class name="testRunner.Cst_Runner">
        <test-method is-config="true" signature="setUpClass(org.testng.ITestContext)[pri:0, instance:testRunner.Cst_Runner@4007f65e]" started-at="2024-08-27T17:22:24 IST" name="setUpClass" finished-at="2024-08-27T17:22:49 IST" duration-ms="25777" status="PASS">
          <params>
            <param index="0">
              <value>
                <![CDATA[org.testng.TestRunner@47d81427]]>
              </value>
            </param>
          </params>
          <reporter-output>
          </reporter-output>
        </test-method> <!-- setUpClass -->
        <test-method signature="runScenario(io.cucumber.testng.PickleWrapper,io.cucumber.testng.FeatureWrapper)[pri:0, instance:testRunner.Cst_Runner@4007f65e]" started-at="2024-08-27T17:22:49 IST" name="runScenario" description="Runs Cucumber Scenarios" data-provider="scenarios" finished-at="2024-08-27T17:22:56 IST" duration-ms="6268" status="PASS">
          <params>
            <param index="0">
              <value>
                <![CDATA["Signin should be success"]]>
              </value>
            </param>
            <param index="1">
              <value>
                <![CDATA["Signin Into the Dashboard"]]>
              </value>
            </param>
          </params>
          <reporter-output>
          </reporter-output>
        </test-method> <!-- runScenario -->
        <test-method signature="runScenario(io.cucumber.testng.PickleWrapper,io.cucumber.testng.FeatureWrapper)[pri:0, instance:testRunner.Cst_Runner@4007f65e]" started-at="2024-08-27T17:22:56 IST" name="runScenario" description="Runs Cucumber Scenarios" data-provider="scenarios" finished-at="2024-08-27T17:23:16 IST" duration-ms="19888" status="PASS">
          <params>
            <param index="0">
              <value>
                <![CDATA["Send App Notification to Customer"]]>
              </value>
            </param>
            <param index="1">
              <value>
                <![CDATA["Sending The Notification"]]>
              </value>
            </param>
          </params>
          <reporter-output>
          </reporter-output>
        </test-method> <!-- runScenario -->
        <test-method is-config="true" signature="tearDownClass()[pri:0, instance:testRunner.Cst_Runner@4007f65e]" started-at="2024-08-27T17:23:16 IST" name="tearDownClass" finished-at="2024-08-27T17:23:20 IST" duration-ms="3985" status="PASS">
          <reporter-output>
          </reporter-output>
        </test-method> <!-- tearDownClass -->
      </class> <!-- testRunner.Cst_Runner -->
    </test> <!-- Default test -->
  </suite> <!-- Default suite -->
</testng-results>
